2024-09-22 10:50:47 info: Request: POST /api/user/login - Query: {} - Body: undefined
2024-09-22 10:51:53 info: Request: POST /api/user/create - Query: {} - Body: undefined
2024-09-22 10:51:53 info: Error during creation of user account: ValidationError: email: Path `email` is required.
2024-09-22 10:52:20 info: Request: POST /api/user/create - Query: {} - Body: undefined
2024-09-22 10:52:20 info: Creation of user account for user: Zandre successfull
2024-09-22 10:56:47 info: Request: POST /api/user/login - Query: {} - Body: {"username":"Willem","password":"43041450"}
2024-09-22 11:01:10 info: Request: POST /api/user/login - Query: {} - Body: {"username":"Willem","password":"43041450"}
2024-09-22 11:02:33 info: Request: POST /api/user/login - Query: {} - Body: {"username":"Willem","password":"43041450"}
2024-09-22 11:04:10 info: Request: POST /api/user/login - Query: {} - Body: {"username":"Willem","password":"43041450"}
2024-09-22 11:09:15 info: Request: POST /api/user/login - Query: {} - Body: {"username":"Willem","password":"43041450"}
2024-09-22 11:09:15 info: Login attempt for user: Willem successful with body: {"username":"Willem","password":"******"}
2024-09-22 11:09:51 info: Request: POST /api/user/login - Query: {} - Body: {"username":"Willem","password":"43041450"}
2024-09-22 11:09:51 info: Login attempt for user: Willem successful with body: {"username":"Willem","password":"******"}
2024-09-22 11:09:55 info: Request: POST /api/user/login - Query: {} - Body: {"username":"Willem","password":"1"}
2024-09-22 11:09:56 warn: Failed login attempt for user: Willem
2024-09-22 11:13:02 error: Error: POST /api/user/login - logger is not defined
Stack: ReferenceError: logger is not defined
    at logRequests (file:///C:/Users/harms/OneDrive/Documents/323/GP/CodeWizardsHMSProject/backend/src/middleware/logRequests.mjs:11:5)
    at Layer.handle [as handle_request] (C:\Users\harms\OneDrive\Documents\323\GP\CodeWizardsHMSProject\backend\node_modules\express\lib\router\layer.js:95:5)
    at trim_prefix (C:\Users\harms\OneDrive\Documents\323\GP\CodeWizardsHMSProject\backend\node_modules\express\lib\router\index.js:328:13)
    at C:\Users\harms\OneDrive\Documents\323\GP\CodeWizardsHMSProject\backend\node_modules\express\lib\router\index.js:286:9
    at Function.process_params (C:\Users\harms\OneDrive\Documents\323\GP\CodeWizardsHMSProject\backend\node_modules\express\lib\router\index.js:346:12)
    at next (C:\Users\harms\OneDrive\Documents\323\GP\CodeWizardsHMSProject\backend\node_modules\express\lib\router\index.js:280:10)
    at C:\Users\harms\OneDrive\Documents\323\GP\CodeWizardsHMSProject\backend\node_modules\body-parser\lib\read.js:137:5
    at AsyncResource.runInAsyncScope (node:async_hooks:206:9)
    at invokeCallback (C:\Users\harms\OneDrive\Documents\323\GP\CodeWizardsHMSProject\backend\node_modules\raw-body\index.js:238:16)
    at done (C:\Users\harms\OneDrive\Documents\323\GP\CodeWizardsHMSProject\backend\node_modules\raw-body\index.js:227:7)
2024-09-22 11:13:56 info: Request: POST /api/user/login - Query: {} - Body: {"username":"Willem","password":"1"}
2024-09-22 11:13:56 warn: Failed login attempt for user: Willem
2024-09-22 11:14:05 info: Request: POST /api/user/login - Query: {} - Body: {"username":"Willem","password":"1"}
2024-09-22 11:14:05 warn: Failed login attempt for user: Willem
2024-09-22 11:14:14 info: Request: POST /api/user/login - Query: {} - Body: {"username":"Willem","password":"43041450"}
2024-09-22 11:14:14 info: Login attempt for user: Willem successful with body: {"username":"Willem","password":"******"}
